/images               (Status: 301) [Size: 149] [--> http://10.10.10.14/images/]
/Images               (Status: 301) [Size: 149] [--> http://10.10.10.14/Images/]
/IMAGES               (Status: 301) [Size: 149] [--> http://10.10.10.14/IMAGES/]
/*checkout*.aspx      (Status: 400) [Size: 37]
/*docroot*.aspx       (Status: 400) [Size: 37]
/*.aspx               (Status: 400) [Size: 37]
/%7Emike.aspx         (Status: 500) [Size: 3026]
/http%3A%2F%2Fwww.aspx (Status: 400) [Size: 37]
/http%3A.aspx         (Status: 400) [Size: 37]
/q%26a.aspx           (Status: 400) [Size: 37]
/**http%3a.aspx       (Status: 400) [Size: 37]
/%7Ejeff.aspx         (Status: 500) [Size: 3026]
/*http%3A.aspx        (Status: 400) [Size: 37]
/**http%3A.aspx       (Status: 400) [Size: 37]
/http%3A%2F%2Fyoutube.aspx (Status: 400) [Size: 37]
/%7Er.aspx            (Status: 500) [Size: 3026]
/%7E3.aspx            (Status: 500) [Size: 3026]
/_private             (Status: 403) [Size: 1529]
/http%3A%2F%2Fblogs.aspx (Status: 400) [Size: 37]
/http%3A%2F%2Fblog.aspx (Status: 400) [Size: 37]
/%7Egreg.aspx         (Status: 500) [Size: 3026]
/%7Echris.aspx        (Status: 500) [Size: 3026]
/%7Ecook.aspx         (Status: 500) [Size: 3026]
/%7Ets.aspx           (Status: 500) [Size: 3026]
/%7Erachna.aspx       (Status: 500) [Size: 3026]
/%7Eesr.aspx          (Status: 500) [Size: 3026]
/%7Emasmith.aspx      (Status: 500) [Size: 3026]
/%7Edugsong.aspx      (Status: 500) [Size: 3026]
/%7Ecbedon.aspx       (Status: 500) [Size: 3026]
/%7Ewu.aspx           (Status: 500) [Size: 3026]
/%7Ehchen.aspx        (Status: 500) [Size: 3026]
/%7Eiramani.aspx      (Status: 500) [Size: 3026]
/%7Elinda.aspx        (Status: 500) [Size: 3026]
/%7Eprovos.aspx       (Status: 500) [Size: 3026]
/**http%3A%2F%2Fwww.aspx (Status: 400) [Size: 37]
/s%26p.aspx           (Status: 400) [Size: 37]
/%7Egraham.aspx       (Status: 500) [Size: 3026]
/%7Eiturpin.aspx      (Status: 500) [Size: 3026]
/%7Ekrhoad.aspx       (Status: 500) [Size: 3026]
/%7Eperex.aspx        (Status: 500) [Size: 3026]
/%7Ecrh.aspx          (Status: 500) [Size: 3026]
/%3FRID%3D2671.aspx   (Status: 500) [Size: 3026]
/%7Eknoblock.aspx     (Status: 500) [Size: 3026]
/%7Eca.aspx           (Status: 500) [Size: 3026]
/devinmoore*.aspx     (Status: 400) [Size: 37]
/%7Ewgscott.aspx      (Status: 500) [Size: 3026]
/%7Ecolmmacc.aspx     (Status: 500) [Size: 3026]
/%7Edez.aspx          (Status: 500) [Size: 3026]
/%7Eslatorra.aspx     (Status: 500) [Size: 3026]
/%7Esu.aspx           (Status: 500) [Size: 3026]
/%7Esoffa.aspx        (Status: 500) [Size: 3026]
/%7Elevine.aspx       (Status: 500) [Size: 3026]
/%7Erobby.aspx        (Status: 500) [Size: 3026]
/%7Enaumann.aspx      (Status: 500) [Size: 3026]
/%7Emernst.aspx       (Status: 500) [Size: 3026]
/%7Emili.aspx         (Status: 500) [Size: 3026]
/%7Esingh.aspx        (Status: 500) [Size: 3026]
/%7Erandy.aspx        (Status: 500) [Size: 3026]
/%7Eart.aspx          (Status: 500) [Size: 3026]
/%7Erich.aspx         (Status: 500) [Size: 3026]
/%7Ejohnmc.aspx       (Status: 500) [Size: 3026]
/%7Ewelch.aspx        (Status: 500) [Size: 3026]
/%7Echen.aspx         (Status: 500) [Size: 3026]
/%7Elee.aspx          (Status: 500) [Size: 3026]
/%7Etah.aspx          (Status: 500) [Size: 3026]
/%7Enachumd.aspx      (Status: 500) [Size: 3026]
/%7Ekeith.aspx        (Status: 500) [Size: 3026]
/%7Ecarver.aspx       (Status: 500) [Size: 3026]
/%7Eskumar.aspx       (Status: 500) [Size: 3026]
/%7Emeyer.aspx        (Status: 500) [Size: 3026]
/%7Ebart.aspx         (Status: 500) [Size: 3026]
/%7Edan.aspx          (Status: 500) [Size: 3026]
/%7Epjv.aspx          (Status: 500) [Size: 3026]
/%7Ewarren.aspx       (Status: 500) [Size: 3026]
/%7Escott.aspx        (Status: 500) [Size: 3026]
/%7Esweirich.aspx     (Status: 500) [Size: 3026]
/children%2527s_tent.aspx (Status: 400) [Size: 37]
/%7Ewing.aspx         (Status: 500) [Size: 3026]
/%7Eondrej.aspx       (Status: 500) [Size: 3026]
/%7Ertm.aspx          (Status: 500) [Size: 3026]
/%7Edong.aspx         (Status: 500) [Size: 3026]
/%7Ecudigest.aspx     (Status: 500) [Size: 3026]
/How_to%2e%2e%2e.aspx (Status: 400) [Size: 37]
/Wanted%2e%2e%2e.aspx (Status: 400) [Size: 37]
/%7Ecuecat.aspx       (Status: 500) [Size: 3026]
/%7Ejones.aspx        (Status: 500) [Size: 3026]
/%7Erijmen.aspx       (Status: 500) [Size: 3026]
/%7Eu31414369.aspx    (Status: 500) [Size: 3026]
/%7Edlchao.aspx       (Status: 500) [Size: 3026]
/%7Easkupin.aspx      (Status: 500) [Size: 3026]
/%7Ekaty.aspx         (Status: 500) [Size: 3026]
/%7Eflavia.aspx       (Status: 500) [Size: 3026]
/%7Ekr-p1.aspx        (Status: 500) [Size: 3026]
/%7Eprivacy1.aspx     (Status: 500) [Size: 3026]
/%7Ebrian_hill.aspx   (Status: 500) [Size: 3026]
/%7Ejoelm.aspx        (Status: 500) [Size: 3026]
/%7Echambo.aspx       (Status: 500) [Size: 3026]
/%7Egov_affairs.aspx  (Status: 500) [Size: 3026]
/%7Epam.aspx          (Status: 500) [Size: 3026]
/%7Etbetz.aspx        (Status: 500) [Size: 3026]
/%7Eluismunoz.aspx    (Status: 500) [Size: 3026]
/%7Ejoshuago.aspx     (Status: 500) [Size: 3026]
/%7Emaex.aspx         (Status: 500) [Size: 3026]
/%7Eanton.aspx        (Status: 500) [Size: 3026]
/%7Ernc1.aspx         (Status: 500) [Size: 3026]
/%7Ewilliam.aspx      (Status: 500) [Size: 3026]
/%7Edistler.aspx      (Status: 500) [Size: 3026]
/%7Ebrett.aspx        (Status: 500) [Size: 3026]
/%7Ebrian.aspx        (Status: 500) [Size: 3026]
/%7Emoore.aspx        (Status: 500) [Size: 3026]
/%7Esef.aspx          (Status: 500) [Size: 3026]
/%7Eatossava.aspx     (Status: 500) [Size: 3026]
/%7Etskirvin.aspx     (Status: 500) [Size: 3026]
/%7Elou.aspx          (Status: 500) [Size: 3026]
/%7Estrads.aspx       (Status: 500) [Size: 3026]
/%7Eaf380.aspx        (Status: 500) [Size: 3026]
/%7Ephishing.aspx     (Status: 500) [Size: 3026]
/%7Ethebob.aspx       (Status: 500) [Size: 3026]
/%7Ethogard.aspx      (Status: 500) [Size: 3026]
/%7Eandersa.aspx      (Status: 500) [Size: 3026]
/%7Ehhhintze.aspx     (Status: 500) [Size: 3026]
/%7Edata.aspx         (Status: 500) [Size: 3026]
/%7Ejoe.aspx          (Status: 500) [Size: 3026]
/%7Ecyperber.aspx     (Status: 500) [Size: 3026]
/%7Esleator.aspx      (Status: 500) [Size: 3026]
/%7Ekarsten.aspx      (Status: 500) [Size: 3026]
/%7Ecynthb.aspx       (Status: 500) [Size: 3026]
/%7Eparents.aspx      (Status: 500) [Size: 3026]
/%7Eshrao.aspx        (Status: 500) [Size: 3026]
/%7Ereggers.aspx      (Status: 500) [Size: 3026]
/%7Ejhs.aspx          (Status: 500) [Size: 3026]
/%7Enic.aspx          (Status: 500) [Size: 3026]
/%7Emcwebber.aspx     (Status: 500) [Size: 3026]
/%7Ehouwe135.aspx     (Status: 500) [Size: 3026]
/%7Ezmerch.aspx       (Status: 500) [Size: 3026]
/%7Ehauke.aspx        (Status: 500) [Size: 3026]
/%7Eperroverde.aspx   (Status: 500) [Size: 3026]
/%7Etoms.aspx         (Status: 500) [Size: 3026]
/%7Ewvhwvh.aspx       (Status: 500) [Size: 3026]
/%7Ebeyerle.aspx      (Status: 500) [Size: 3026]
/%7Egsakkis.aspx      (Status: 500) [Size: 3026]
/%7Eenron.aspx        (Status: 500) [Size: 3026]
/%7Esh553.aspx        (Status: 500) [Size: 3026]
/%7Enajork.aspx       (Status: 500) [Size: 3026]
/%7Egvcormac.aspx     (Status: 500) [Size: 3026]
/%7Ejhwang.aspx       (Status: 500) [Size: 3026]
/%7Emadigan.aspx      (Status: 500) [Size: 3026]
/%7Emdhsieh.aspx      (Status: 500) [Size: 3026]
/%7Ecarreras.aspx     (Status: 500) [Size: 3026]
/%7Ezaffalon.aspx     (Status: 500) [Size: 3026]
/%7Ekorenman.aspx     (Status: 500) [Size: 3026]
/%7Enaor.aspx         (Status: 500) [Size: 3026]
/%7Eptomblin.aspx     (Status: 500) [Size: 3026]
/%7Elarva.aspx        (Status: 500) [Size: 3026]
/%7Edplatt.aspx       (Status: 500) [Size: 3026]
/%7Emerlyn.aspx       (Status: 500) [Size: 3026]
/%7Etrlynam.aspx      (Status: 500) [Size: 3026]
/%7Ezf.aspx           (Status: 500) [Size: 3026]
/%7Ehildeb.aspx       (Status: 500) [Size: 3026]
/%7Edws.aspx          (Status: 500) [Size: 3026]
/%7Edunja.aspx        (Status: 500) [Size: 3026]
/%7Espamdesk.aspx     (Status: 500) [Size: 3026]
/%7Epantel.aspx       (Status: 500) [Size: 3026]
/%7Emoz.aspx          (Status: 500) [Size: 3026]
/%7Ehorvitz.aspx      (Status: 500) [Size: 3026]
/%7Edekai.aspx        (Status: 500) [Size: 3026]
/%7Ejd.aspx           (Status: 500) [Size: 3026]
/%7Ehmurray.aspx      (Status: 500) [Size: 3026]
/%7Eutx.aspx          (Status: 500) [Size: 3026]
/%7Ediaoyl.aspx       (Status: 500) [Size: 3026]
/%7Etmm.aspx          (Status: 500) [Size: 3026]
/%7Ejsq.aspx          (Status: 500) [Size: 3026]
/%7Errnotes.aspx      (Status: 500) [Size: 3026]
/%7Emkearns.aspx      (Status: 500) [Size: 3026]
/%7Elhl.aspx          (Status: 500) [Size: 3026]
/%7Eiwag.aspx         (Status: 500) [Size: 3026]
/%7etvalesky.aspx     (Status: 500) [Size: 3026]
/%7Emvanhorn.aspx     (Status: 500) [Size: 3026]
/%7Egene.aspx         (Status: 500) [Size: 3026]
/%7Epasztor.aspx      (Status: 500) [Size: 3026]
/%7EOutridersKarana.aspx (Status: 500) [Size: 3026]
/%7Ebir.aspx          (Status: 500) [Size: 3026]
/%7Eleouski.aspx      (Status: 500) [Size: 3026]
/%7Echizuya.aspx      (Status: 500) [Size: 3026]
/%7Esara.aspx         (Status: 500) [Size: 3026]
/%7Esack.aspx         (Status: 500) [Size: 3026]
/%7Elroberts.aspx     (Status: 500) [Size: 3026]
/%7Epchelp.aspx       (Status: 500) [Size: 3026]
/%7Emgk25.aspx        (Status: 500) [Size: 3026]
/%7Efarid.aspx        (Status: 500) [Size: 3026]
/%7Enewsham.aspx      (Status: 500) [Size: 3026]
/%7Emarko-st.aspx     (Status: 500) [Size: 3026]
/200109*.aspx         (Status: 400) [Size: 37]
/%7Ersholmes.aspx     (Status: 500) [Size: 3026]
/%7Eatman.aspx        (Status: 500) [Size: 3026]
/%7Eddgarcia.aspx     (Status: 500) [Size: 3026]
/%7Ekooltek.aspx      (Status: 500) [Size: 3026]
/%7Etjmather.aspx     (Status: 500) [Size: 3026]
/%7Eneale.aspx        (Status: 500) [Size: 3026]
/%7Efelicity.aspx     (Status: 500) [Size: 3026]
/%7Embreault.aspx     (Status: 500) [Size: 3026]
/%7Eapthorpe.aspx     (Status: 500) [Size: 3026]
/%7El003.aspx         (Status: 500) [Size: 3026]
/%7Eted.aspx          (Status: 500) [Size: 3026]
/%7Eftu.aspx          (Status: 500) [Size: 3026]
/%7Ewhois.aspx        (Status: 500) [Size: 3026]
/%7Esaint.aspx        (Status: 500) [Size: 3026]
/%7Epeuha.aspx        (Status: 500) [Size: 3026]
/%7Eajackson.aspx     (Status: 500) [Size: 3026]
/%7Etori.aspx         (Status: 500) [Size: 3026]
/%7Eremmie.aspx       (Status: 500) [Size: 3026]
/*sa_.aspx            (Status: 400) [Size: 37]
/*dc_.aspx            (Status: 400) [Size: 37]
/%7Ejdutka.aspx       (Status: 500) [Size: 3026]
/%7Edcr24.aspx        (Status: 500) [Size: 3026]
/%7Eaboba.aspx        (Status: 500) [Size: 3026]
/%7Ekra.aspx          (Status: 500) [Size: 3026]
/%7Elaura.aspx        (Status: 500) [Size: 3026]
/%7Efroomkin.aspx     (Status: 500) [Size: 3026]
/%7Eslambo.aspx       (Status: 500) [Size: 3026]
/%7Egandalf.aspx      (Status: 500) [Size: 3026]
/%7Edaane.aspx        (Status: 500) [Size: 3026]
/%7Estefan.aspx       (Status: 500) [Size: 3026]
/%7Eandrei.aspx       (Status: 500) [Size: 3026]
/%7Eroca.aspx         (Status: 500) [Size: 3026]
/%7Eadam.aspx         (Status: 500) [Size: 3026]
/%7Ebishop.aspx       (Status: 500) [Size: 3026]
/%7Edave.aspx         (Status: 500) [Size: 3026]
/%7Edenning.aspx      (Status: 500) [Size: 3026]
/%7Ellamatron.aspx    (Status: 500) [Size: 3026]
/%7Eriot.aspx         (Status: 500) [Size: 3026]
/%7Enet-services.aspx (Status: 500) [Size: 3026]
/%7Esgtatham.aspx     (Status: 500) [Size: 3026]
/%7Edst.aspx          (Status: 500) [Size: 3026]
/%7Emmoore.aspx       (Status: 500) [Size: 3026]
/%7Echeckout%7E.aspx  (Status: 500) [Size: 3026]
/%7Ecrshalizi.aspx    (Status: 500) [Size: 3026]
/%7Ectm.aspx          (Status: 500) [Size: 3026]
/%7Esnort.aspx        (Status: 500) [Size: 3026]
/help%2523drupal.aspx (Status: 400) [Size: 37]
/http%3A%2F%2Fcommunity.aspx (Status: 400) [Size: 37]
/%7Ehistory.aspx      (Status: 500) [Size: 3026]
/Chamillionaire%20%26%20Paul%20Wall-%20Get%20Ya%20Mind%20Correct.aspx (Status: 400) [Size: 37]
/Clinton%20Sparks%20%26%20Diddy%20-%20Dont%20Call%20It%20A%20Comeback%28RuZtY%29.aspx (Status: 400) [Size: 37]
/DJ%20Haze%20%26%20The%20Game%20-%20New%20Blood%20Series%20Pt.aspx (Status: 400) [Size: 37]
/http%3A%2F%2Fradar.aspx (Status: 400) [Size: 37]
/%7Eschmidt.aspx      (Status: 500) [Size: 3026]
/%7Ebatmanb.aspx      (Status: 500) [Size: 3026]
/q%26a2.aspx          (Status: 400) [Size: 37]
/%7Edwhite.aspx       (Status: 500) [Size: 3026]
/login%3f.aspx        (Status: 500) [Size: 3026]
/%7Edaw.aspx          (Status: 500) [Size: 3026]
/Shakira%20Oral%20Fixation%201%20%26%202.aspx (Status: 400) [Size: 37]
/%22james%20kim%22.aspx (Status: 500) [Size: 3026]
/%22britney%20spears%22.aspx (Status: 500) [Size: 3026]
/%22julie%20roehm%22.aspx (Status: 500) [Size: 3026]
/http%3A%2F%2Fjeremiahgrossman.aspx (Status: 400) [Size: 37]
/http%3A%2F%2Fweblog.aspx (Status: 400) [Size: 37]
/http%3A%2F%2Fswik.aspx (Status: 400) [Size: 37]
